Started GET "/" for ::1 at 2020-09-02 20:31:36 +0200
  [1m[35m (0.4ms)[0m  [1m[34mSELECT "schema_migrations"."version" FROM "schema_migrations" ORDER BY "schema_migrations"."version" ASC[0m
  ↳ /home/tienduy/.rbenv/versions/2.5.1/lib/ruby/gems/2.5.0/gems/activerecord-5.2.4.3/lib/active_record/log_subscriber.rb:98
Processing by StaticPagesController#index as HTML
  Rendering static_pages/index.html.erb within layouts/application
  Rendered static_pages/_carousel.html.erb (0.8ms)
  Rendered static_pages/index.html.erb within layouts/application (3.2ms)
  [1m[36mUser Load (0.5ms)[0m  [1m[34mSELECT  "users".* FROM "users" WHERE "users"."id" = $1 ORDER BY "users"."id" ASC LIMIT $2[0m  [["id", 2], ["LIMIT", 1]]
  ↳ app/views/layouts/_navbar.html.erb:14
  [1m[36mCart Load (0.2ms)[0m  [1m[34mSELECT  "carts".* FROM "carts" WHERE "carts"."user_id" = $1 LIMIT $2[0m  [["user_id", 2], ["LIMIT", 1]]
  ↳ app/helpers/application_helper.rb:46
  [1m[35m (0.4ms)[0m  [1m[34mSELECT COUNT(*) FROM "item_carts" WHERE "item_carts"."cart_id" = $1[0m  [["cart_id", 72]]
  ↳ app/helpers/application_helper.rb:46
  Rendered layouts/_navbar.html.erb (53.6ms)
  Rendered layouts/_alert.html.erb (0.7ms)
  Rendered layouts/_footer.html.erb (0.6ms)
Completed 200 OK in 448ms (Views: 430.4ms | ActiveRecord: 10.1ms)


Started GET "/" for ::1 at 2020-09-02 20:32:42 +0200
Processing by StaticPagesController#index as HTML
  Rendering static_pages/index.html.erb within layouts/application
  Rendered static_pages/_carousel.html.erb (0.5ms)
  Rendered static_pages/index.html.erb within layouts/application (2.3ms)
  [1m[36mUser Load (0.5ms)[0m  [1m[34mSELECT  "users".* FROM "users" WHERE "users"."id" = $1 ORDER BY "users"."id" ASC LIMIT $2[0m  [["id", 2], ["LIMIT", 1]]
  ↳ app/views/layouts/_navbar.html.erb:14
  [1m[36mCart Load (0.3ms)[0m  [1m[34mSELECT  "carts".* FROM "carts" WHERE "carts"."user_id" = $1 LIMIT $2[0m  [["user_id", 2], ["LIMIT", 1]]
  ↳ app/helpers/application_helper.rb:46
  [1m[35m (0.3ms)[0m  [1m[34mSELECT COUNT(*) FROM "item_carts" WHERE "item_carts"."cart_id" = $1[0m  [["cart_id", 72]]
  ↳ app/helpers/application_helper.rb:46
  Rendered layouts/_navbar.html.erb (7.7ms)
  Rendered layouts/_alert.html.erb (0.4ms)
  Rendered layouts/_footer.html.erb (0.5ms)
Completed 200 OK in 78ms (Views: 74.8ms | ActiveRecord: 1.1ms)


